actionid=tox
msg=packaging
cmdargs=['/home/talam/Envs/ESPN_API_WRAPPER/bin/python', local('/home/talam/Desktop/programming/python/espn_py/setup.py'), 'sdist', '--formats=zip', '--dist-dir', local('/home/talam/Desktop/programming/python/espn_py/.tox/dist')]
env=None
running sdist
running egg_info
writing requirements to espn_py.egg-info/requires.txt
writing espn_py.egg-info/PKG-INFO
writing top-level names to espn_py.egg-info/top_level.txt
writing dependency_links to espn_py.egg-info/dependency_links.txt
reading manifest file 'espn_py.egg-info/SOURCES.txt'
writing manifest file 'espn_py.egg-info/SOURCES.txt'
warning: sdist: standard file not found: should have one of README, README.txt

creating espn_py-0.1
creating espn_py-0.1/espn_py.egg-info
making hard links in espn_py-0.1...
hard linking setup.py -> espn_py-0.1
hard linking espn_py.egg-info/PKG-INFO -> espn_py-0.1/espn_py.egg-info
hard linking espn_py.egg-info/SOURCES.txt -> espn_py-0.1/espn_py.egg-info
hard linking espn_py.egg-info/dependency_links.txt -> espn_py-0.1/espn_py.egg-info
hard linking espn_py.egg-info/requires.txt -> espn_py-0.1/espn_py.egg-info
hard linking espn_py.egg-info/top_level.txt -> espn_py-0.1/espn_py.egg-info
Writing espn_py-0.1/setup.cfg
creating '.tox/dist/espn_py-0.1.zip' and adding 'espn_py-0.1' to it
adding 'espn_py-0.1/setup.cfg'
adding 'espn_py-0.1/setup.py'
adding 'espn_py-0.1/PKG-INFO'
adding 'espn_py-0.1/espn_py.egg-info/dependency_links.txt'
adding 'espn_py-0.1/espn_py.egg-info/top_level.txt'
adding 'espn_py-0.1/espn_py.egg-info/SOURCES.txt'
adding 'espn_py-0.1/espn_py.egg-info/PKG-INFO'
adding 'espn_py-0.1/espn_py.egg-info/requires.txt'
removing 'espn_py-0.1' (and everything under it)
